This file contains any messages produced by compilers while
running configure, to aid debugging if configure makes a mistake.

It was created by canal configure 0, which was
generated by GNU Autoconf 2.68.  Invocation command line was

  $ ./configure --no-create --no-recursion

## --------- ##
## Platform. ##
## --------- ##

hostname = alzbeta
uname -m = x86_64
uname -r = 3.1.6-1.fc16.x86_64
uname -s = Linux
uname -v = #1 SMP Wed Dec 21 22:41:17 UTC 2011

/usr/bin/uname -p = unknown
/bin/uname -X     = unknown

/bin/arch              = x86_64
/usr/bin/arch -k       = unknown
/usr/convex/getsysinfo = unknown
/usr/bin/hostinfo      = unknown
/bin/machine           = unknown
/usr/bin/oslevel       = unknown
/bin/universe          = unknown

PATH: /usr/lib64/qt-3.3/bin
PATH: /usr/local/bin
PATH: /bin
PATH: /usr/bin
PATH: /usr/local/sbin
PATH: /usr/sbin
PATH: /sbin
PATH: /home/karel/.cabal/bin
PATH: /home/karel/bin


## ----------- ##
## Core tests. ##
## ----------- ##

configure:2362: checking for a BSD-compatible install
configure:2430: result: /usr/bin/install -c
configure:2441: checking whether build environment is sane
configure:2491: result: yes
configure:2632: checking for a thread-safe mkdir -p
configure:2671: result: /bin/mkdir -p
configure:2684: checking for gawk
configure:2700: found /bin/gawk
configure:2711: result: gawk
configure:2722: checking whether make sets $(MAKE)
configure:2744: result: yes
configure:2825: checking whether to enable maintainer-specific portions of Makefiles
configure:2834: result: no
configure:2937: checking for g++
configure:2953: found /usr/bin/g++
configure:2964: result: g++
configure:2991: checking for C++ compiler version
configure:3000: g++ --version >&5
g++ (GCC) 4.6.2 20111027 (Red Hat 4.6.2-1)
Copyright (C) 2011 Free Software Foundation, Inc.
This is free software; see the source for copying conditions.  There is NO
warranty; not even for MERCHANTABILITY or FITNESS FOR A PARTICULAR PURPOSE.

configure:3011: $? = 0
configure:3000: g++ -v >&5
Using built-in specs.
COLLECT_GCC=g++
COLLECT_LTO_WRAPPER=/usr/libexec/gcc/x86_64-redhat-linux/4.6.2/lto-wrapper
Target: x86_64-redhat-linux
Configured with: ../configure --prefix=/usr --mandir=/usr/share/man --infodir=/usr/share/info --with-bugurl=http://bugzilla.redhat.com/bugzilla --enable-bootstrap --enable-shared --enable-threads=posix --enable-checking=release --with-system-zlib --enable-__cxa_atexit --disable-libunwind-exceptions --enable-gnu-unique-object --enable-linker-build-id --enable-languages=c,c++,objc,obj-c++,java,fortran,ada,go,lto --enable-plugin --enable-java-awt=gtk --disable-dssi --with-java-home=/usr/lib/jvm/java-1.5.0-gcj-1.5.0.0/jre --enable-libgcj-multifile --enable-java-maintainer-mode --with-ecj-jar=/usr/share/java/eclipse-ecj.jar --disable-libjava-multilib --with-ppl --with-cloog --with-tune=generic --with-arch_32=i686 --build=x86_64-redhat-linux
Thread model: posix
gcc version 4.6.2 20111027 (Red Hat 4.6.2-1) (GCC) 
configure:3011: $? = 0
configure:3000: g++ -V >&5
g++: error: unrecognized option '-V'
g++: fatal error: no input files
compilation terminated.
configure:3011: $? = 4
configure:3000: g++ -qversion >&5
g++: error: unrecognized option '-qversion'
g++: fatal error: no input files
compilation terminated.
configure:3011: $? = 4
configure:3031: checking whether the C++ compiler works
configure:3053: g++    conftest.cpp  >&5
configure:3057: $? = 0
configure:3105: result: yes
configure:3108: checking for C++ compiler default output file name
configure:3110: result: a.out
configure:3116: checking for suffix of executables
configure:3123: g++ -o conftest    conftest.cpp  >&5
configure:3127: $? = 0
configure:3149: result: 
configure:3171: checking whether we are cross compiling
configure:3179: g++ -o conftest    conftest.cpp  >&5
configure:3183: $? = 0
configure:3190: ./conftest
configure:3194: $? = 0
configure:3209: result: no
configure:3214: checking for suffix of object files
configure:3236: g++ -c   conftest.cpp >&5
configure:3240: $? = 0
configure:3261: result: o
configure:3265: checking whether we are using the GNU C++ compiler
configure:3284: g++ -c   conftest.cpp >&5
configure:3284: $? = 0
configure:3293: result: yes
configure:3302: checking whether g++ accepts -g
configure:3322: g++ -c -g  conftest.cpp >&5
configure:3322: $? = 0
configure:3363: result: yes
configure:3397: checking for style of include used by make
configure:3425: result: GNU
configure:3450: checking dependency style of g++
configure:3560: result: gcc3
configure:3623: checking for gcc
configure:3639: found /usr/bin/gcc
configure:3650: result: gcc
configure:3879: checking for C compiler version
configure:3888: gcc --version >&5
gcc (GCC) 4.6.2 20111027 (Red Hat 4.6.2-1)
Copyright (C) 2011 Free Software Foundation, Inc.
This is free software; see the source for copying conditions.  There is NO
warranty; not even for MERCHANTABILITY or FITNESS FOR A PARTICULAR PURPOSE.

configure:3899: $? = 0
configure:3888: gcc -v >&5
Using built-in specs.
COLLECT_GCC=gcc
COLLECT_LTO_WRAPPER=/usr/libexec/gcc/x86_64-redhat-linux/4.6.2/lto-wrapper
Target: x86_64-redhat-linux
Configured with: ../configure --prefix=/usr --mandir=/usr/share/man --infodir=/usr/share/info --with-bugurl=http://bugzilla.redhat.com/bugzilla --enable-bootstrap --enable-shared --enable-threads=posix --enable-checking=release --with-system-zlib --enable-__cxa_atexit --disable-libunwind-exceptions --enable-gnu-unique-object --enable-linker-build-id --enable-languages=c,c++,objc,obj-c++,java,fortran,ada,go,lto --enable-plugin --enable-java-awt=gtk --disable-dssi --with-java-home=/usr/lib/jvm/java-1.5.0-gcj-1.5.0.0/jre --enable-libgcj-multifile --enable-java-maintainer-mode --with-ecj-jar=/usr/share/java/eclipse-ecj.jar --disable-libjava-multilib --with-ppl --with-cloog --with-tune=generic --with-arch_32=i686 --build=x86_64-redhat-linux
Thread model: posix
gcc version 4.6.2 20111027 (Red Hat 4.6.2-1) (GCC) 
configure:3899: $? = 0
configure:3888: gcc -V >&5
gcc: error: unrecognized option '-V'
gcc: fatal error: no input files
compilation terminated.
configure:3899: $? = 4
configure:3888: gcc -qversion >&5
gcc: error: unrecognized option '-qversion'
gcc: fatal error: no input files
compilation terminated.
configure:3899: $? = 4
configure:3903: checking whether we are using the GNU C compiler
configure:3922: gcc -c   conftest.c >&5
configure:3922: $? = 0
configure:3931: result: yes
configure:3940: checking whether gcc accepts -g
configure:3960: gcc -c -g  conftest.c >&5
configure:3960: $? = 0
configure:4001: result: yes
configure:4018: checking for gcc option to accept ISO C89
configure:4082: gcc  -c -g -O2  conftest.c >&5
configure:4082: $? = 0
configure:4095: result: none needed
configure:4117: checking dependency style of gcc
configure:4227: result: gcc3
configure:4248: checking how to run the C preprocessor
configure:4279: gcc -E  conftest.c
configure:4279: $? = 0
configure:4293: gcc -E  conftest.c
conftest.c:11:28: fatal error: ac_nonexistent.h: No such file or directory
compilation terminated.
configure:4293: $? = 1
configure: failed program was:
| /* confdefs.h */
| #define PACKAGE_NAME "canal"
| #define PACKAGE_TARNAME "canal"
| #define PACKAGE_VERSION "0"
| #define PACKAGE_STRING "canal 0"
| #define PACKAGE_BUGREPORT ""
| #define PACKAGE_URL ""
| #define PACKAGE "canal"
| #define VERSION "0"
| /* end confdefs.h.  */
| #include <ac_nonexistent.h>
configure:4318: result: gcc -E
configure:4338: gcc -E  conftest.c
configure:4338: $? = 0
configure:4352: gcc -E  conftest.c
conftest.c:11:28: fatal error: ac_nonexistent.h: No such file or directory
compilation terminated.
configure:4352: $? = 1
configure: failed program was:
| /* confdefs.h */
| #define PACKAGE_NAME "canal"
| #define PACKAGE_TARNAME "canal"
| #define PACKAGE_VERSION "0"
| #define PACKAGE_STRING "canal 0"
| #define PACKAGE_BUGREPORT ""
| #define PACKAGE_URL ""
| #define PACKAGE "canal"
| #define VERSION "0"
| /* end confdefs.h.  */
| #include <ac_nonexistent.h>
configure:4381: checking for grep that handles long lines and -e
configure:4439: result: /bin/grep
configure:4444: checking for egrep
configure:4506: result: /bin/grep -E
configure:4511: checking for ANSI C header files
configure:4531: gcc -c -g -O2  conftest.c >&5
configure:4531: $? = 0
configure:4604: gcc -o conftest -g -O2   conftest.c  >&5
configure:4604: $? = 0
configure:4604: ./conftest
configure:4604: $? = 0
configure:4615: result: yes
configure:4628: checking for sys/types.h
configure:4628: gcc -c -g -O2  conftest.c >&5
configure:4628: $? = 0
configure:4628: result: yes
configure:4628: checking for sys/stat.h
configure:4628: gcc -c -g -O2  conftest.c >&5
configure:4628: $? = 0
configure:4628: result: yes
configure:4628: checking for stdlib.h
configure:4628: gcc -c -g -O2  conftest.c >&5
configure:4628: $? = 0
configure:4628: result: yes
configure:4628: checking for string.h
configure:4628: gcc -c -g -O2  conftest.c >&5
configure:4628: $? = 0
configure:4628: result: yes
configure:4628: checking for memory.h
configure:4628: gcc -c -g -O2  conftest.c >&5
configure:4628: $? = 0
configure:4628: result: yes
configure:4628: checking for strings.h
configure:4628: gcc -c -g -O2  conftest.c >&5
configure:4628: $? = 0
configure:4628: result: yes
configure:4628: checking for inttypes.h
configure:4628: gcc -c -g -O2  conftest.c >&5
configure:4628: $? = 0
configure:4628: result: yes
configure:4628: checking for stdint.h
configure:4628: gcc -c -g -O2  conftest.c >&5
configure:4628: $? = 0
configure:4628: result: yes
configure:4628: checking for unistd.h
configure:4628: gcc -c -g -O2  conftest.c >&5
configure:4628: $? = 0
configure:4628: result: yes
configure:4641: checking minix/config.h usability
configure:4641: gcc -c -g -O2  conftest.c >&5
conftest.c:54:26: fatal error: minix/config.h: No such file or directory
compilation terminated.
configure:4641: $? = 1
configure: failed program was:
| /* confdefs.h */
| #define PACKAGE_NAME "canal"
| #define PACKAGE_TARNAME "canal"
| #define PACKAGE_VERSION "0"
| #define PACKAGE_STRING "canal 0"
| #define PACKAGE_BUGREPORT ""
| #define PACKAGE_URL ""
| #define PACKAGE "canal"
| #define VERSION "0"
| #define STDC_HEADERS 1
| #define HAVE_SYS_TYPES_H 1
| #define HAVE_SYS_STAT_H 1
| #define HAVE_STDLIB_H 1
| #define HAVE_STRING_H 1
| #define HAVE_MEMORY_H 1
| #define HAVE_STRINGS_H 1
| #define HAVE_INTTYPES_H 1
| #define HAVE_STDINT_H 1
| #define HAVE_UNISTD_H 1
| /* end confdefs.h.  */
| #include <stdio.h>
| #ifdef HAVE_SYS_TYPES_H
| # include <sys/types.h>
| #endif
| #ifdef HAVE_SYS_STAT_H
| # include <sys/stat.h>
| #endif
| #ifdef STDC_HEADERS
| # include <stdlib.h>
| # include <stddef.h>
| #else
| # ifdef HAVE_STDLIB_H
| #  include <stdlib.h>
| # endif
| #endif
| #ifdef HAVE_STRING_H
| # if !defined STDC_HEADERS && defined HAVE_MEMORY_H
| #  include <memory.h>
| # endif
| # include <string.h>
| #endif
| #ifdef HAVE_STRINGS_H
| # include <strings.h>
| #endif
| #ifdef HAVE_INTTYPES_H
| # include <inttypes.h>
| #endif
| #ifdef HAVE_STDINT_H
| # include <stdint.h>
| #endif
| #ifdef HAVE_UNISTD_H
| # include <unistd.h>
| #endif
| #include <minix/config.h>
configure:4641: result: no
configure:4641: checking minix/config.h presence
configure:4641: gcc -E  conftest.c
conftest.c:21:26: fatal error: minix/config.h: No such file or directory
compilation terminated.
configure:4641: $? = 1
configure: failed program was:
| /* confdefs.h */
| #define PACKAGE_NAME "canal"
| #define PACKAGE_TARNAME "canal"
| #define PACKAGE_VERSION "0"
| #define PACKAGE_STRING "canal 0"
| #define PACKAGE_BUGREPORT ""
| #define PACKAGE_URL ""
| #define PACKAGE "canal"
| #define VERSION "0"
| #define STDC_HEADERS 1
| #define HAVE_SYS_TYPES_H 1
| #define HAVE_SYS_STAT_H 1
| #define HAVE_STDLIB_H 1
| #define HAVE_STRING_H 1
| #define HAVE_MEMORY_H 1
| #define HAVE_STRINGS_H 1
| #define HAVE_INTTYPES_H 1
| #define HAVE_STDINT_H 1
| #define HAVE_UNISTD_H 1
| /* end confdefs.h.  */
| #include <minix/config.h>
configure:4641: result: no
configure:4641: checking for minix/config.h
configure:4641: result: no
configure:4662: checking whether it is safe to define __EXTENSIONS__
configure:4680: gcc -c -g -O2  conftest.c >&5
configure:4680: $? = 0
configure:4687: result: yes
configure:4731: checking build system type
configure:4745: result: x86_64-unknown-linux-gnu
configure:4765: checking host system type
configure:4778: result: x86_64-unknown-linux-gnu
configure:4819: checking how to print strings
configure:4846: result: printf
configure:4867: checking for a sed that does not truncate output
configure:4931: result: /bin/sed
configure:4949: checking for fgrep
configure:5011: result: /bin/grep -F
configure:5046: checking for ld used by gcc
configure:5113: result: /usr/bin/ld
configure:5120: checking if the linker (/usr/bin/ld) is GNU ld
configure:5135: result: yes
configure:5147: checking for BSD- or MS-compatible name lister (nm)
configure:5196: result: /usr/bin/nm -B
configure:5326: checking the name lister (/usr/bin/nm -B) interface
configure:5333: gcc -c -g -O2  conftest.c >&5
configure:5336: /usr/bin/nm -B "conftest.o"
configure:5339: output
0000000000000000 B some_variable
configure:5346: result: BSD nm
configure:5349: checking whether ln -s works
configure:5353: result: yes
configure:5361: checking the maximum length of command line arguments
configure:5486: result: 1635000
configure:5503: checking whether the shell understands some XSI constructs
configure:5513: result: yes
configure:5517: checking whether the shell understands "+="
configure:5523: result: yes
configure:5558: checking how to convert x86_64-unknown-linux-gnu file names to x86_64-unknown-linux-gnu format
configure:5598: result: func_convert_file_noop
configure:5605: checking how to convert x86_64-unknown-linux-gnu file names to toolchain format
configure:5625: result: func_convert_file_noop
configure:5632: checking for /usr/bin/ld option to reload object files
configure:5639: result: -r
configure:5713: checking for objdump
configure:5729: found /usr/bin/objdump
configure:5740: result: objdump
configure:5772: checking how to recognize dependent libraries
configure:5974: result: pass_all
configure:6059: checking for dlltool
configure:6089: result: no
configure:6119: checking how to associate runtime and link libraries
configure:6146: result: printf %s\n
configure:6206: checking for ar
configure:6222: found /usr/bin/ar
configure:6233: result: ar
configure:6270: checking for archiver @FILE support
configure:6287: gcc -c -g -O2  conftest.c >&5
configure:6287: $? = 0
configure:6290: ar cru libconftest.a @conftest.lst >&5
configure:6293: $? = 0
configure:6298: ar cru libconftest.a @conftest.lst >&5
ar: conftest.o: No such file or directory
configure:6301: $? = 1
configure:6313: result: @
configure:6371: checking for strip
configure:6387: found /usr/bin/strip
configure:6398: result: strip
configure:6470: checking for ranlib
configure:6486: found /usr/bin/ranlib
configure:6497: result: ranlib
configure:6599: checking command to parse /usr/bin/nm -B output from gcc object
configure:6718: gcc -c -g -O2  conftest.c >&5
configure:6721: $? = 0
configure:6725: /usr/bin/nm -B conftest.o \| sed -n -e 's/^.*[ ]\([ABCDGIRSTW][ABCDGIRSTW]*\)[ ][ ]*\([_A-Za-z][_A-Za-z0-9]*\)$/\1 \2 \2/p' | sed '/ __gnu_lto/d' \> conftest.nm
configure:6728: $? = 0
configure:6794: gcc -o conftest -g -O2   conftest.c conftstm.o >&5
configure:6797: $? = 0
configure:6835: result: ok
configure:6872: checking for sysroot
configure:6902: result: no
configure:6979: gcc -c -g -O2  conftest.c >&5
configure:6982: $? = 0
configure:7145: checking for mt
configure:7175: result: no
configure:7195: checking if : is a manifest tool
configure:7201: : '-?'
configure:7209: result: no
configure:7838: checking for dlfcn.h
configure:7838: gcc -c -g -O2  conftest.c >&5
configure:7838: $? = 0
configure:7838: result: yes
configure:8006: checking for objdir
configure:8021: result: .libs
configure:8292: checking if gcc supports -fno-rtti -fno-exceptions
configure:8310: gcc -c -g -O2  -fno-rtti -fno-exceptions conftest.c >&5
cc1: warning: command line option '-fno-rtti' is valid for C++/ObjC++ but not for C [enabled by default]
configure:8314: $? = 0
configure:8327: result: no
configure:8637: checking for gcc option to produce PIC
configure:8644: result: -fPIC -DPIC
configure:8652: checking if gcc PIC flag -fPIC -DPIC works
configure:8670: gcc -c -g -O2  -fPIC -DPIC -DPIC conftest.c >&5
configure:8674: $? = 0
configure:8687: result: yes
configure:8716: checking if gcc static flag -static works
configure:8744: result: no
configure:8759: checking if gcc supports -c -o file.o
configure:8780: gcc -c -g -O2  -o out/conftest2.o conftest.c >&5
configure:8784: $? = 0
configure:8806: result: yes
configure:8814: checking if gcc supports -c -o file.o
configure:8861: result: yes
configure:8894: checking whether the gcc linker (/usr/bin/ld -m elf_x86_64) supports shared libraries
configure:10052: result: yes
configure:10089: checking whether -lc should be explicitly linked in
configure:10097: gcc -c -g -O2  conftest.c >&5
configure:10100: $? = 0
configure:10115: gcc -shared  -fPIC -DPIC conftest.o  -v -Wl,-soname -Wl,conftest -o conftest 2\>\&1 \| /bin/grep  -lc  \>/dev/null 2\>\&1
configure:10118: $? = 0
configure:10132: result: no
configure:10297: checking dynamic linker characteristics
configure:10811: gcc -o conftest -g -O2   -Wl,-rpath -Wl,/foo conftest.c  >&5
configure:10811: $? = 0
configure:11037: result: GNU/Linux ld.so
configure:11144: checking how to hardcode library paths into programs
configure:11169: result: immediate
configure:11709: checking whether stripping libraries is possible
configure:11714: result: yes
configure:11749: checking if libtool supports shared libraries
configure:11751: result: yes
configure:11754: checking whether to build shared libraries
configure:11775: result: yes
configure:11778: checking whether to build static libraries
configure:11782: result: no
configure:11805: checking how to run the C++ preprocessor
configure:11832: g++ -E  conftest.cpp
configure:11832: $? = 0
configure:11846: g++ -E  conftest.cpp
conftest.cpp:28:28: fatal error: ac_nonexistent.h: No such file or directory
compilation terminated.
configure:11846: $? = 1
configure: failed program was:
| /* confdefs.h */
| #define PACKAGE_NAME "canal"
| #define PACKAGE_TARNAME "canal"
| #define PACKAGE_VERSION "0"
| #define PACKAGE_STRING "canal 0"
| #define PACKAGE_BUGREPORT ""
| #define PACKAGE_URL ""
| #define PACKAGE "canal"
| #define VERSION "0"
| #define STDC_HEADERS 1
| #define HAVE_SYS_TYPES_H 1
| #define HAVE_SYS_STAT_H 1
| #define HAVE_STDLIB_H 1
| #define HAVE_STRING_H 1
| #define HAVE_MEMORY_H 1
| #define HAVE_STRINGS_H 1
| #define HAVE_INTTYPES_H 1
| #define HAVE_STDINT_H 1
| #define HAVE_UNISTD_H 1
| #define __EXTENSIONS__ 1
| #define _ALL_SOURCE 1
| #define _GNU_SOURCE 1
| #define _POSIX_PTHREAD_SEMANTICS 1
| #define _TANDEM_SOURCE 1
| #define HAVE_DLFCN_H 1
| #define LT_OBJDIR ".libs/"
| /* end confdefs.h.  */
| #include <ac_nonexistent.h>
configure:11871: result: g++ -E
configure:11891: g++ -E  conftest.cpp
configure:11891: $? = 0
configure:11905: g++ -E  conftest.cpp
conftest.cpp:28:28: fatal error: ac_nonexistent.h: No such file or directory
compilation terminated.
configure:11905: $? = 1
configure: failed program was:
| /* confdefs.h */
| #define PACKAGE_NAME "canal"
| #define PACKAGE_TARNAME "canal"
| #define PACKAGE_VERSION "0"
| #define PACKAGE_STRING "canal 0"
| #define PACKAGE_BUGREPORT ""
| #define PACKAGE_URL ""
| #define PACKAGE "canal"
| #define VERSION "0"
| #define STDC_HEADERS 1
| #define HAVE_SYS_TYPES_H 1
| #define HAVE_SYS_STAT_H 1
| #define HAVE_STDLIB_H 1
| #define HAVE_STRING_H 1
| #define HAVE_MEMORY_H 1
| #define HAVE_STRINGS_H 1
| #define HAVE_INTTYPES_H 1
| #define HAVE_STDINT_H 1
| #define HAVE_UNISTD_H 1
| #define __EXTENSIONS__ 1
| #define _ALL_SOURCE 1
| #define _GNU_SOURCE 1
| #define _POSIX_PTHREAD_SEMANTICS 1
| #define _TANDEM_SOURCE 1
| #define HAVE_DLFCN_H 1
| #define LT_OBJDIR ".libs/"
| /* end confdefs.h.  */
| #include <ac_nonexistent.h>
configure:12075: checking for ld used by g++
configure:12142: result: /usr/bin/ld -m elf_x86_64
configure:12149: checking if the linker (/usr/bin/ld -m elf_x86_64) is GNU ld
configure:12164: result: yes
configure:12219: checking whether the g++ linker (/usr/bin/ld -m elf_x86_64) supports shared libraries
configure:13223: result: yes
configure:13258: g++ -c -g -O2  conftest.cpp >&5
configure:13261: $? = 0
configure:13781: checking for g++ option to produce PIC
configure:13788: result: -fPIC -DPIC
configure:13796: checking if g++ PIC flag -fPIC -DPIC works
configure:13814: g++ -c -g -O2  -fPIC -DPIC -DPIC conftest.cpp >&5
configure:13818: $? = 0
configure:13831: result: yes
configure:13854: checking if g++ static flag -static works
configure:13882: result: no
configure:13894: checking if g++ supports -c -o file.o
configure:13915: g++ -c -g -O2  -o out/conftest2.o conftest.cpp >&5
configure:13919: $? = 0
configure:13941: result: yes
configure:13946: checking if g++ supports -c -o file.o
configure:13993: result: yes
configure:14023: checking whether the g++ linker (/usr/bin/ld -m elf_x86_64) supports shared libraries
configure:14057: result: yes
configure:14200: checking dynamic linker characteristics
configure:14874: result: GNU/Linux ld.so
configure:14927: checking how to hardcode library paths into programs
configure:14952: result: immediate
configure:15015: checking for llvm-config
configure:15033: found /usr/local/bin/llvm-config
configure:15046: result: /usr/local/bin/llvm-config
configure:15260: creating ./config.status

## ---------------- ##
## Cache variables. ##
## ---------------- ##

ac_cv_build=x86_64-unknown-linux-gnu
ac_cv_c_compiler_gnu=yes
ac_cv_cxx_compiler_gnu=yes
ac_cv_env_CCC_set=
ac_cv_env_CCC_value=
ac_cv_env_CC_set=
ac_cv_env_CC_value=
ac_cv_env_CFLAGS_set=
ac_cv_env_CFLAGS_value=
ac_cv_env_CPPFLAGS_set=
ac_cv_env_CPPFLAGS_value=
ac_cv_env_CPP_set=
ac_cv_env_CPP_value=
ac_cv_env_CXXCPP_set=
ac_cv_env_CXXCPP_value=
ac_cv_env_CXXFLAGS_set=
ac_cv_env_CXXFLAGS_value=
ac_cv_env_CXX_set=
ac_cv_env_CXX_value=
ac_cv_env_LDFLAGS_set=
ac_cv_env_LDFLAGS_value=
ac_cv_env_LIBS_set=
ac_cv_env_LIBS_value=
ac_cv_env_build_alias_set=
ac_cv_env_build_alias_value=
ac_cv_env_host_alias_set=
ac_cv_env_host_alias_value=
ac_cv_env_target_alias_set=
ac_cv_env_target_alias_value=
ac_cv_header_dlfcn_h=yes
ac_cv_header_inttypes_h=yes
ac_cv_header_memory_h=yes
ac_cv_header_minix_config_h=no
ac_cv_header_stdc=yes
ac_cv_header_stdint_h=yes
ac_cv_header_stdlib_h=yes
ac_cv_header_string_h=yes
ac_cv_header_strings_h=yes
ac_cv_header_sys_stat_h=yes
ac_cv_header_sys_types_h=yes
ac_cv_header_unistd_h=yes
ac_cv_host=x86_64-unknown-linux-gnu
ac_cv_objext=o
ac_cv_path_EGREP='/bin/grep -E'
ac_cv_path_FGREP='/bin/grep -F'
ac_cv_path_GREP=/bin/grep
ac_cv_path_LLVM_CONFIG=/usr/local/bin/llvm-config
ac_cv_path_SED=/bin/sed
ac_cv_path_install='/usr/bin/install -c'
ac_cv_path_mkdir=/bin/mkdir
ac_cv_prog_AWK=gawk
ac_cv_prog_CPP='gcc -E'
ac_cv_prog_CXXCPP='g++ -E'
ac_cv_prog_ac_ct_AR=ar
ac_cv_prog_ac_ct_CC=gcc
ac_cv_prog_ac_ct_CXX=g++
ac_cv_prog_ac_ct_OBJDUMP=objdump
ac_cv_prog_ac_ct_RANLIB=ranlib
ac_cv_prog_ac_ct_STRIP=strip
ac_cv_prog_cc_c89=
ac_cv_prog_cc_g=yes
ac_cv_prog_cxx_g=yes
ac_cv_prog_make_make_set=yes
ac_cv_safe_to_define___extensions__=yes
am_cv_CC_dependencies_compiler_type=gcc3
am_cv_CXX_dependencies_compiler_type=gcc3
lt_cv_ar_at_file=@
lt_cv_archive_cmds_need_lc=no
lt_cv_deplibs_check_method=pass_all
lt_cv_file_magic_cmd='$MAGIC_CMD'
lt_cv_file_magic_test_file=
lt_cv_ld_reload_flag=-r
lt_cv_nm_interface='BSD nm'
lt_cv_objdir=.libs
lt_cv_path_LD=/usr/bin/ld
lt_cv_path_LDCXX='/usr/bin/ld -m elf_x86_64'
lt_cv_path_NM='/usr/bin/nm -B'
lt_cv_path_mainfest_tool=no
lt_cv_prog_compiler_c_o=yes
lt_cv_prog_compiler_c_o_CXX=yes
lt_cv_prog_compiler_pic='-fPIC -DPIC'
lt_cv_prog_compiler_pic_CXX='-fPIC -DPIC'
lt_cv_prog_compiler_pic_works=yes
lt_cv_prog_compiler_pic_works_CXX=yes
lt_cv_prog_compiler_rtti_exceptions=no
lt_cv_prog_compiler_static_works=no
lt_cv_prog_compiler_static_works_CXX=no
lt_cv_prog_gnu_ld=yes
lt_cv_prog_gnu_ldcxx=yes
lt_cv_sharedlib_from_linklib_cmd='printf %s\n'
lt_cv_shlibpath_overrides_runpath=no
lt_cv_sys_global_symbol_pipe='sed -n -e '\''s/^.*[	 ]\([ABCDGIRSTW][ABCDGIRSTW]*\)[	 ][	 ]*\([_A-Za-z][_A-Za-z0-9]*\)$/\1 \2 \2/p'\'' | sed '\''/ __gnu_lto/d'\'''
lt_cv_sys_global_symbol_to_c_name_address='sed -n -e '\''s/^: \([^ ]*\)[ ]*$/  {\"\1\", (void *) 0},/p'\'' -e '\''s/^[ABCDGIRSTW]* \([^ ]*\) \([^ ]*\)$/  {"\2", (void *) \&\2},/p'\'''
lt_cv_sys_global_symbol_to_c_name_address_lib_prefix='sed -n -e '\''s/^: \([^ ]*\)[ ]*$/  {\"\1\", (void *) 0},/p'\'' -e '\''s/^[ABCDGIRSTW]* \([^ ]*\) \(lib[^ ]*\)$/  {"\2", (void *) \&\2},/p'\'' -e '\''s/^[ABCDGIRSTW]* \([^ ]*\) \([^ ]*\)$/  {"lib\2", (void *) \&\2},/p'\'''
lt_cv_sys_global_symbol_to_cdecl='sed -n -e '\''s/^T .* \(.*\)$/extern int \1();/p'\'' -e '\''s/^[ABCDGIRSTW]* .* \(.*\)$/extern char \1;/p'\'''
lt_cv_sys_max_cmd_len=1635000
lt_cv_to_host_file_cmd=func_convert_file_noop
lt_cv_to_tool_file_cmd=func_convert_file_noop

## ----------------- ##
## Output variables. ##
## ----------------- ##

ACLOCAL='${SHELL} /home/karel/devel/canal/missing --run aclocal-1.11'
AMDEPBACKSLASH='\'
AMDEP_FALSE='#'
AMDEP_TRUE=''
AMTAR='${SHELL} /home/karel/devel/canal/missing --run tar'
AR='ar'
AUTOCONF='${SHELL} /home/karel/devel/canal/missing --run autoconf'
AUTOHEADER='${SHELL} /home/karel/devel/canal/missing --run autoheader'
AUTOM4TE='${SHELL} /home/karel/devel/canal/missing --run autom4te'
AUTOMAKE='${SHELL} /home/karel/devel/canal/missing --run automake-1.11'
AWK='gawk'
CC='gcc'
CCDEPMODE='depmode=gcc3'
CFLAGS='-g -O2'
CPP='gcc -E'
CPPFLAGS=''
CXX='g++'
CXXCPP='g++ -E'
CXXDEPMODE='depmode=gcc3'
CXXFLAGS='-g -O2'
CYGPATH_W='echo'
DEFS='-DPACKAGE_NAME=\"canal\" -DPACKAGE_TARNAME=\"canal\" -DPACKAGE_VERSION=\"0\" -DPACKAGE_STRING=\"canal\ 0\" -DPACKAGE_BUGREPORT=\"\" -DPACKAGE_URL=\"\" -DPACKAGE=\"canal\" -DVERSION=\"0\" -DSTDC_HEADERS=1 -DHAVE_SYS_TYPES_H=1 -DHAVE_SYS_STAT_H=1 -DHAVE_STDLIB_H=1 -DHAVE_STRING_H=1 -DHAVE_MEMORY_H=1 -DHAVE_STRINGS_H=1 -DHAVE_INTTYPES_H=1 -DHAVE_STDINT_H=1 -DHAVE_UNISTD_H=1 -D__EXTENSIONS__=1 -D_ALL_SOURCE=1 -D_GNU_SOURCE=1 -D_POSIX_PTHREAD_SEMANTICS=1 -D_TANDEM_SOURCE=1 -DHAVE_DLFCN_H=1 -DLT_OBJDIR=\".libs/\"'
DEPDIR='.deps'
DLLTOOL='false'
DSYMUTIL=''
DUMPBIN=''
ECHO_C=''
ECHO_N='-n'
ECHO_T=''
EGREP='/bin/grep -E'
EXEEXT=''
FGREP='/bin/grep -F'
GREP='/bin/grep'
INSTALL_DATA='${INSTALL} -m 644'
INSTALL_PROGRAM='${INSTALL}'
INSTALL_SCRIPT='${INSTALL}'
INSTALL_STRIP_PROGRAM='$(install_sh) -c -s'
LD='/usr/bin/ld -m elf_x86_64'
LDFLAGS=''
LIBOBJS=''
LIBS=''
LIBTOOL='$(SHELL) $(top_builddir)/libtool'
LIPO=''
LLVM_CFLAGS='-I/usr/local/include   -D_GNU_SOURCE -D__STDC_CONSTANT_MACROS -D__STDC_FORMAT_MACROS -D__STDC_LIMIT_MACROS'
LLVM_CONFIG='/usr/local/bin/llvm-config'
LLVM_LDFLAGS='-L/usr/local/lib  -lpthread -ldl -lm '
LLVM_LIBS='-lLLVMXCoreCodeGen -lLLVMTableGen -lLLVMSystemZCodeGen -lLLVMSparcCodeGen -lLLVMPTXCodeGen -lLLVMPowerPCCodeGen -lLLVMPowerPCAsmPrinter -lLLVMMSP430CodeGen -lLLVMMSP430AsmPrinter -lLLVMMipsCodeGen -lLLVMMipsAsmPrinter -lLLVMMCJIT -lLLVMRuntimeDyld -lLLVMObject -lLLVMMCDisassembler -lLLVMXCoreDesc -lLLVMXCoreInfo -lLLVMSystemZDesc -lLLVMSystemZInfo -lLLVMSparcDesc -lLLVMSparcInfo -lLLVMPowerPCDesc -lLLVMPowerPCInfo -lLLVMPTXDesc -lLLVMPTXInfo -lLLVMPTXAsmPrinter -lLLVMMipsDesc -lLLVMMipsInfo -lLLVMMSP430Desc -lLLVMMSP430Info -lLLVMMBlazeDisassembler -lLLVMMBlazeAsmParser -lLLVMMBlazeCodeGen -lLLVMMBlazeDesc -lLLVMMBlazeAsmPrinter -lLLVMMBlazeInfo -lLLVMLinker -lLLVMipo -lLLVMInterpreter -lLLVMInstrumentation -lLLVMJIT -lLLVMExecutionEngine -lLLVMDebugInfo -lLLVMCppBackend -lLLVMCppBackendInfo -lLLVMCellSPUCodeGen -lLLVMCellSPUDesc -lLLVMCellSPUInfo -lLLVMCBackend -lLLVMCBackendInfo -lLLVMBlackfinCodeGen -lLLVMBlackfinDesc -lLLVMBlackfinInfo -lLLVMBitWriter -lLLVMX86Disassembler -lLLVMX86AsmParser -lLLVMX86CodeGen -lLLVMX86Desc -lLLVMX86AsmPrinter -lLLVMX86Utils -lLLVMX86Info -lLLVMAsmParser -lLLVMARMDisassembler -lLLVMARMAsmParser -lLLVMARMCodeGen -lLLVMARMDesc -lLLVMARMAsmPrinter -lLLVMARMInfo -lLLVMArchive -lLLVMBitReader -lLLVMAlphaCodeGen -lLLVMSelectionDAG -lLLVMAsmPrinter -lLLVMMCParser -lLLVMCodeGen -lLLVMScalarOpts -lLLVMInstCombine -lLLVMTransformUtils -lLLVMipa -lLLVMAnalysis -lLLVMTarget -lLLVMCore -lLLVMAlphaDesc -lLLVMAlphaInfo -lLLVMMC -lLLVMSupport'
LLVM_VERSION='3.0'
LN_S='ln -s'
LTLIBOBJS=''
MAINT='#'
MAINTAINER_MODE_FALSE=''
MAINTAINER_MODE_TRUE='#'
MAKEINFO='${SHELL} /home/karel/devel/canal/missing --run makeinfo'
MANIFEST_TOOL=':'
MKDIR_P='/bin/mkdir -p'
NM='/usr/bin/nm -B'
NMEDIT=''
O0CFLAGS='-g '
OBJDUMP='objdump'
OBJEXT='o'
OTOOL64=''
OTOOL=''
PACKAGE='canal'
PACKAGE_BUGREPORT=''
PACKAGE_NAME='canal'
PACKAGE_STRING='canal 0'
PACKAGE_TARNAME='canal'
PACKAGE_URL=''
PACKAGE_VERSION='0'
PATH_SEPARATOR=':'
RANLIB='ranlib'
SED='/bin/sed'
SET_MAKE=''
SHELL='/bin/sh'
STRIP='strip'
VERSION='0'
ac_ct_AR='ar'
ac_ct_CC='gcc'
ac_ct_CXX='g++'
ac_ct_DUMPBIN=''
am__EXEEXT_FALSE=''
am__EXEEXT_TRUE='#'
am__fastdepCC_FALSE='#'
am__fastdepCC_TRUE=''
am__fastdepCXX_FALSE='#'
am__fastdepCXX_TRUE=''
am__include='include'
am__isrc=''
am__leading_dot='.'
am__quote=''
am__tar='${AMTAR} chof - "$$tardir"'
am__untar='${AMTAR} xf -'
bindir='${exec_prefix}/bin'
build='x86_64-unknown-linux-gnu'
build_alias=''
build_cpu='x86_64'
build_os='linux-gnu'
build_vendor='unknown'
datadir='${datarootdir}'
datarootdir='${prefix}/share'
docdir='${datarootdir}/doc/${PACKAGE_TARNAME}'
dvidir='${docdir}'
exec_prefix='${prefix}'
host='x86_64-unknown-linux-gnu'
host_alias=''
host_cpu='x86_64'
host_os='linux-gnu'
host_vendor='unknown'
htmldir='${docdir}'
includedir='${prefix}/include'
infodir='${datarootdir}/info'
install_sh='${SHELL} /home/karel/devel/canal/install-sh'
libdir='${exec_prefix}/lib'
libexecdir='${exec_prefix}/libexec'
localedir='${datarootdir}/locale'
localstatedir='${prefix}/var'
mandir='${datarootdir}/man'
mkdir_p='/bin/mkdir -p'
oldincludedir='/usr/include'
pdfdir='${docdir}'
prefix='/usr/local'
program_transform_name='s,x,x,'
psdir='${docdir}'
sbindir='${exec_prefix}/sbin'
sharedstatedir='${prefix}/com'
sysconfdir='${prefix}/etc'
target_alias=''

## ----------- ##
## confdefs.h. ##
## ----------- ##

/* confdefs.h */
#define PACKAGE_NAME "canal"
#define PACKAGE_TARNAME "canal"
#define PACKAGE_VERSION "0"
#define PACKAGE_STRING "canal 0"
#define PACKAGE_BUGREPORT ""
#define PACKAGE_URL ""
#define PACKAGE "canal"
#define VERSION "0"
#define STDC_HEADERS 1
#define HAVE_SYS_TYPES_H 1
#define HAVE_SYS_STAT_H 1
#define HAVE_STDLIB_H 1
#define HAVE_STRING_H 1
#define HAVE_MEMORY_H 1
#define HAVE_STRINGS_H 1
#define HAVE_INTTYPES_H 1
#define HAVE_STDINT_H 1
#define HAVE_UNISTD_H 1
#define __EXTENSIONS__ 1
#define _ALL_SOURCE 1
#define _GNU_SOURCE 1
#define _POSIX_PTHREAD_SEMANTICS 1
#define _TANDEM_SOURCE 1
#define HAVE_DLFCN_H 1
#define LT_OBJDIR ".libs/"

configure: exit 0

## ---------------------- ##
## Running config.status. ##
## ---------------------- ##

This file was extended by canal config.status 0, which was
generated by GNU Autoconf 2.68.  Invocation command line was

  CONFIG_FILES    = 
  CONFIG_HEADERS  = 
  CONFIG_LINKS    = 
  CONFIG_COMMANDS = 
  $ ./config.status 

on alzbeta

config.status:1100: creating tests/Makefile
config.status:1100: creating tests/atlocal
config.status:1100: creating canal.spec
config.status:1100: creating Makefile
config.status:1100: creating lib/Makefile
config.status:1272: executing depfiles commands
config.status:1272: executing libtool commands
config.status:1272: executing tests/atconfig commands
